0 info it worked if it ends with ok
1 verbose cli [ 'C:\\Program Files\\nodejs\\node.exe',
1 verbose cli   'C:\\Users\\david\\AppData\\Roaming\\npm\\node_modules\\npm\\bin\\npm-cli.js',
1 verbose cli   'run',
1 verbose cli   'server' ]
2 info using npm@4.1.1
3 info using node@v6.9.4
4 verbose run-script [ 'preserver', 'server', 'postserver' ]
5 info lifecycle @~preserver: @
6 silly lifecycle @~preserver: no script for preserver, continuing
7 info lifecycle @~server: @
8 verbose lifecycle @~server: unsafe-perm in lifecycle true
9 verbose lifecycle @~server: PATH: C:\Users\david\AppData\Roaming\npm\node_modules\npm\bin\node-gyp-bin;C:\xampp\htdocs\php-mvc\node_modules\.bin;C:\Users\david\bin;C:\Program Files\Git\mingw64\bin;C:\Program Files\Git\usr\local\bin;C:\Program Files\Git\usr\bin;C:\Program Files\Git\usr\bin;C:\Program Files\Git\mingw64\bin;C:\Program Files\Git\usr\bin;C:\Users\david\bin;C:\Program Files\ImageMagick-7.0.2-Q16;C:\Python34;C:\Python34\Scripts;C:\ProgramData\Oracle\Java\javapath;C:\Program Files (x86)\AMD APP\bin\x86_64;C:\Program Files (x86)\AMD APP\bin\x86;C:\WINDOWS\system32;C:\WINDOWS;C:\WINDOWS\System32\Wbem;C:\WINDOWS\System32\WindowsPowerShell\v1.0;C:\Program Files (x86)\ATI Technologies\ATI.ACE\Core-Static;C:\Program Files (x86)\Windows Kits\8.1\Windows Performance Toolkit;C:\Program Files (x86)\Skype\Phone;C:\Program Files\Microsoft SQL Server\130\Tools\Binn;C:\Program Files\Microsoft SQL Server\120\Tools\Binn;C:\Program Files\Microsoft OLE DB Provider for DB2\system;C:\Program Files (x86)\GtkSharp\2.12\bin;C:\TDM-GCC-64\bin;C:\ProgramData\chocolatey\bin;C:\Program Files (x86)\vim\vim74;C:\PostgreSQL\pg95\bin;C:\xampp\php;C:\ProgramData\ComposerSetup\bin;C:\Program Files\PostgreSQL\pg95\bin;C:\Program Files (x86)\Heroku\bin;C:\Program Files (x86)\git\cmd;C:\Program Files (x86)\AMD\ATI.ACE\Core-Static;C:\Program Files (x86)\Statgraphics\STATGRAPHICS Centurion XV.I;C:\Program Files (x86)\PuTTY;C:\Program Files\cURL\bin;C:\Program Files (x86)\Graphviz2.38\bin;C:\Program Files\nodejs;C:\Program Files\Git\cmd;C:\RailsInstaller\Git\cmd;C:\RailsInstaller\Ruby2.2.0\bin;C:\Users\david\AppData\Local\Programs\Python\Python35-32\Scripts;C:\Users\david\AppData\Local\Programs\Python\Python35-32;C:\Users\david\AppData\Local\atom\bin;C:\tools\php;C:\PROGRA~2\Oracle\VirtualBox;C:\tools\mysql\current\bin;C:\PostgreSQL\bin;C:\Users\david\AppData\Roaming\Composer\vendor\bin;C:\Program Files (x86)\Microsoft VS Code\bin;C:\Users\david\AppData\Roaming\npm;C:\Program Files\Git\usr\bin\vendor_perl;C:\Program Files\Git\usr\bin\core_perl
10 verbose lifecycle @~server: CWD: C:\xampp\htdocs\php-mvc
11 silly lifecycle @~server: Args: [ '/d /s /c', 'php artisan serve --host=0.0.0.0' ]
12 silly lifecycle @~server: Returned: code: 1  signal: null
13 info lifecycle @~server: Failed to exec server script
14 verbose stack Error: @ server: `php artisan serve --host=0.0.0.0`
14 verbose stack Exit status 1
14 verbose stack     at EventEmitter.<anonymous> (C:\Users\david\AppData\Roaming\npm\node_modules\npm\lib\utils\lifecycle.js:279:16)
14 verbose stack     at emitTwo (events.js:106:13)
14 verbose stack     at EventEmitter.emit (events.js:191:7)
14 verbose stack     at ChildProcess.<anonymous> (C:\Users\david\AppData\Roaming\npm\node_modules\npm\lib\utils\spawn.js:40:14)
14 verbose stack     at emitTwo (events.js:106:13)
14 verbose stack     at ChildProcess.emit (events.js:191:7)
14 verbose stack     at maybeClose (internal/child_process.js:877:16)
14 verbose stack     at Process.ChildProcess._handle.onexit (internal/child_process.js:226:5)
15 verbose pkgid @
16 verbose cwd C:\xampp\htdocs\php-mvc
17 error Windows_NT 6.3.9600
18 error argv "C:\\Program Files\\nodejs\\node.exe" "C:\\Users\\david\\AppData\\Roaming\\npm\\node_modules\\npm\\bin\\npm-cli.js" "run" "server"
19 error node v6.9.4
20 error npm  v4.1.1
21 error code ELIFECYCLE
22 error @ server: `php artisan serve --host=0.0.0.0`
22 error Exit status 1
23 error Failed at the @ server script 'php artisan serve --host=0.0.0.0'.
23 error Make sure you have the latest version of node.js and npm installed.
23 error If you do, this is most likely a problem with the  package,
23 error not with npm itself.
23 error Tell the author that this fails on your system:
23 error     php artisan serve --host=0.0.0.0
23 error You can get information on how to open an issue for this project with:
23 error     npm bugs
23 error Or if that isn't available, you can get their info via:
23 error     npm owner ls
23 error There is likely additional logging output above.
24 verbose exit [ 1, true ]
